
asthanatanuj@instance-20250127-191747:~/cs131/a1$ l
total 439624
-rw-rw-r-- 1 asthanatanuj asthanatanuj 450156048 Jan 19 07:24 2019-01-h1.csv
drwxrwxr-x 2 asthanatanuj asthanatanuj      4096 Feb 18 20:58 FARE
-rw-rw-r-- 1 asthanatanuj asthanatanuj       179 Feb 18 21:04 find_mean.sh
-rw-rw-r-- 1 asthanatanuj asthanatanuj       328 Feb 18 21:49 a1.txt
asthanatanuj@instance-20250127-191747:~/cs131/a1$ w
5



762  nano ~/.bashrc
  763  source ~/.bash
  764  source ~/.bashrc
  765  l
  766  w
  767  ls
  768  mkdir a1
  769  mkdir FARE
  770  delete FARE
  771  rm FARE
  772  rm -r FARE
  773  ls
  774  cd a1
  775  mkdir FARE
  776  ls


841  grep '48.0,161.0' 2019-01-h1.csv | cut -d ',' -f11 > FARE/48.0-161.0.txt
  842  cd FARE/
  843  cat 48.0-161.0.txt 
  844  grep '58.0,123.0' 2019-01-h1.csv | cut -d ',' -f11 > FARE/58.0-123.0.txt
  845  cd ..
  846  grep '58.0,123.0' 2019-01-h1.csv | cut -d ',' -f11 > FARE/58.0-123.0.txt
  847  cd FARE/
  848  head 58.0-123.0.txt 
  849  man bc
  850  cd ..
  851  touch a1.txt
  852  vim a1.txt 
  853  rm a1.txt 
  854  touch a1.txt
  855  nano find_mean.sh
  859  sh find_mean.sh >> a1.txt 


grep -E '^[^,]+,[^,]+,[^,]+,[3-9]|[1-9][0-9]+' 2019-01-h1.csv | cut -d ',' -f9 | sort | uniq -c | sort -nr | head -10  <-- command for top 10

